<?xml version="1.0" encoding="UTF-8"?>
<testsuite xmlns:xsi="http://www.w3.org/2001/XMLSchema-instance" xsi:noNamespaceSchemaLocation="https://maven.apache.org/surefire/maven-surefire-plugin/xsd/surefire-test-report.xsd" name="Scenarios feature file" time="12.437" tests="2" errors="0" skipped="0" failures="0">
  <properties>
[...]
</properties>
  <testcase name="Scenario Number One" classname="Scenarios feature file" time="7.347"/>
  <testcase name="Scenario Number Two" classname="Scenarios feature file" time="5.051"/>
</testsuite>